Traceback (most recent call last):
  File "rasterio\\_base.pyx", line 310, in rasterio._base.DatasetBase.__init__
  File "rasterio\\_base.pyx", line 221, in rasterio._base.open_dataset
  File "rasterio\\_err.pyx", line 221, in rasterio._err.exc_wrap_pointer
rasterio._err.CPLE_OpenFailedError: data/sentinel/S2_jambi_2024_20m_AllBands-0000000000-0000065536.tif: No such file or directory

During handling of the above exception, another exception occurred:

Traceback (most recent call last):
  File "C:\Users\MyPC PRO\Documents\LandCover_Research\scripts\land_cover_classification_klhk.py", line 849, in <module>
    results = main()
              ^^^^^^
  File "C:\Users\MyPC PRO\Documents\LandCover_Research\scripts\land_cover_classification_klhk.py", line 788, in main
    s2_data, s2_profile = load_and_mosaic_sentinel2_tiles(S2_TILES)
                          ^^^^^^^^^^^^^^^^^^^^^^^^^^^^^^^^^^^^^^^^^
  File "C:\Users\MyPC PRO\Documents\LandCover_Research\scripts\land_cover_classification_klhk.py", line 320, in load_and_mosaic_sentinel2_tiles
    src_files = [rasterio.open(path) for path in tile_paths]
                ^^^^^^^^^^^^^^^^^^^^^^^^^^^^^^^^^^^^^^^^^^^^
  File "C:\Users\MyPC PRO\Documents\LandCover_Research\scripts\land_cover_classification_klhk.py", line 320, in <listcomp>
    src_files = [rasterio.open(path) for path in tile_paths]
                 ^^^^^^^^^^^^^^^^^^^
  File "C:\ProgramData\anaconda3\envs\landcover_jambi\Lib\site-packages\rasterio\env.py", line 451, in wrapper
    return f(*args, **kwds)
           ^^^^^^^^^^^^^^^^
  File "C:\ProgramData\anaconda3\envs\landcover_jambi\Lib\site-packages\rasterio\__init__.py", line 304, in open
    dataset = DatasetReader(path, driver=driver, sharing=sharing, **kwargs)
              ^^^^^^^^^^^^^^^^^^^^^^^^^^^^^^^^^^^^^^^^^^^^^^^^^^^^^^^^^^^^^
  File "rasterio\\_base.pyx", line 312, in rasterio._base.DatasetBase.__init__
rasterio.errors.RasterioIOError: data/sentinel/S2_jambi_2024_20m_AllBands-0000000000-0000065536.tif: No such file or directory

ERROR conda.cli.main_run:execute(127): `conda run python scripts/land_cover_classification_klhk.py` failed. (See above for error)
======================================================================
LAND COVER CLASSIFICATION USING KLHK REFERENCE DATA
======================================================================

--------------------------------------------------
STEP 1: Loading KLHK Reference Data
--------------------------------------------------
Loading KLHK data from data/klhk/KLHK_PL2024_Jambi_Full_WithGeometry.geojson...
  Total polygons: 28,100
  CRS: EPSG:4326
  Columns: ['OBJECTID', 'Kode Provinsi', 'ID Penutupan Lahan Tahun 2024', 'ID Penutupan Lahan Tahun 2023', 'geometry']
  Using column: ID Penutupan Lahan Tahun 2024

  Class distribution:
    0: Water - 205 polygons
    1: Trees/Forest - 13,566 polygons
    4: Crops/Agriculture - 7,938 polygons
    5: Shrub/Scrub - 148 polygons
    6: Built Area - 2,087 polygons
    7: Bare Ground - 4,051 polygons

--------------------------------------------------
STEP 2: Loading Sentinel-2 Imagery
--------------------------------------------------
Loading and mosaicking 4 Sentinel-2 tiles...

